<?xml version="1.0" encoding="UTF-8"?>
<!-- Generated by org.testng.reporters.JUnitReportReporter -->
<testsuite hostname="hp" failures="0" tests="3" name="testNG_program.A3" time="0.008" errors="0" timestamp="2022-11-01T14:29:11 IST" skipped="0">
  <testcase classname="testNG_program.A3" name="tc8" time="0.000"/>
  <system-out>
    <![CDATA[running tc8]]>
  </system-out>
  <testcase classname="testNG_program.A3" name="tc7" time="0.007"/>
  <system-out>
    <![CDATA[running tc7]]>
  </system-out>
  <testcase classname="testNG_program.A3" name="tc9" time="0.001"/>
  <system-out>
    <![CDATA[running tc9]]>
  </system-out>
</testsuite> <!-- testNG_program.A3 -->
