<?xml version="1.0" encoding="UTF-8"?>
<!-- Generated by org.testng.reporters.JUnitReportReporter -->
<testsuite hostname="hp" failures="0" tests="1" name="testNG_program.testNG" time="0.007" errors="0" timestamp="2022-11-01T14:09:32 IST" skipped="0">
  <testcase classname="testNG_program.testNG" name="m1" time="0.007"/>
  <system-out/>
</testsuite> <!-- testNG_program.testNG -->
