<?xml version="1.0" encoding="UTF-8"?>
<!-- Generated by org.testng.reporters.JUnitReportReporter -->
<testsuite hostname="hp" failures="0" tests="3" name="testNG_program.priority" time="0.007" errors="0" timestamp="2022-11-01T14:08:01 IST" skipped="0">
  <testcase classname="testNG_program.priority" name="tc2" time="0.006"/>
  <system-out>
    <![CDATA[running tc2]]>
  </system-out>
  <testcase classname="testNG_program.priority" name="tc3" time="0.001"/>
  <system-out>
    <![CDATA[running tc3]]>
  </system-out>
  <testcase classname="testNG_program.priority" name="tc1" time="0.000"/>
  <system-out>
    <![CDATA[running tc1]]>
  </system-out>
</testsuite> <!-- testNG_program.priority -->
