<?xml version="1.0" encoding="UTF-8"?>
<!-- Generated by org.testng.reporters.JUnitReportReporter -->
<testsuite hostname="hp" failures="0" tests="3" name="testNG_program.A1" time="0.004" errors="0" timestamp="2022-11-01T14:29:11 IST" skipped="0">
  <testcase classname="testNG_program.A1" name="tc1" time="0.002"/>
  <system-out>
    <![CDATA[running tc1]]>
  </system-out>
  <testcase classname="testNG_program.A1" name="tc3" time="0.000"/>
  <system-out>
    <![CDATA[running tc3]]>
  </system-out>
  <testcase classname="testNG_program.A1" name="tc2" time="0.002"/>
  <system-out>
    <![CDATA[running tc2]]>
  </system-out>
</testsuite> <!-- testNG_program.A1 -->
