<?xml version="1.0" encoding="UTF-8"?>
<!-- Generated by org.testng.reporters.JUnitReportReporter -->
<testsuite hostname="hp" failures="0" tests="1" name="pom_actitime.Test_testng" time="4.879" errors="0" timestamp="2022-11-14T16:59:54 IST" skipped="0">
  <testcase classname="pom_actitime.Test_testng" name="verifytexts" time="4.879"/>
  <system-out>
    <![CDATA[running tc]]>
  </system-out>
</testsuite> <!-- pom_actitime.Test_testng -->
