<?xml version="1.0" encoding="UTF-8"?>
<!-- Generated by org.testng.reporters.JUnitReportReporter -->
<testsuite hostname="hp" failures="0" tests="2" name="multibrowsing.B" time="7.203" errors="0" timestamp="2022-11-04T14:36:49 IST" skipped="0">
  <testcase classname="multibrowsing.B" name="tc" time="3.559"/>
  <system-out/>
  <testcase classname="multibrowsing.B" name="tc" time="3.644"/>
  <system-out/>
</testsuite> <!-- multibrowsing.B -->
