<?xml version="1.0" encoding="UTF-8"?>
<!-- Generated by org.testng.reporters.JUnitReportReporter -->
<testsuite hostname="hp" failures="0" tests="1" name="asserts.trues" time="0.015" errors="0" timestamp="2022-11-04T15:00:00 IST" skipped="0">
  <testcase classname="asserts.trues" name="tc" time="0.015"/>
  <system-out>
    <![CDATA[running tc]]>
  </system-out>
</testsuite> <!-- asserts.trues -->
