<?xml version="1.0" encoding="UTF-8"?>
<!-- Generated by org.testng.reporters.JUnitReportReporter -->
<testsuite hostname="hp" failures="0" tests="1" name="asserts.falses" time="0.015" errors="0" timestamp="2022-11-04T15:00:54 IST" skipped="0">
  <testcase classname="asserts.falses" name="tc" time="0.015"/>
  <system-out>
    <![CDATA[running tc]]>
  </system-out>
</testsuite> <!-- asserts.falses -->
