<?xml version="1.0" encoding="UTF-8"?>
<!-- Generated by org.testng.reporters.JUnitReportReporter -->
<testsuite hostname="hp" failures="0" tests="2" name="multibrowsing.A" time="9.069" errors="0" timestamp="2022-11-04T14:43:31 IST" skipped="0">
  <testcase classname="multibrowsing.A" name="tc" time="3.542"/>
  <system-out/>
  <testcase classname="multibrowsing.A" name="tc" time="5.527"/>
  <system-out/>
</testsuite> <!-- multibrowsing.A -->
