<?xml version="1.0" encoding="UTF-8"?>
<!-- Generated by org.testng.reporters.JUnitReportReporter -->
<testsuite hostname="hp" failures="0" tests="1" name="asserts.notequal" time="0.009" errors="0" timestamp="2022-11-04T14:55:28 IST" skipped="0">
  <testcase classname="asserts.notequal" name="tc" time="0.009"/>
  <system-out/>
</testsuite> <!-- asserts.notequal -->
