<?xml version="1.0" encoding="UTF-8"?>
<!-- Generated by org.testng.reporters.JUnitReportReporter -->
<testsuite hostname="hp" failures="0" tests="2" name="testNG_program.dependsonmethod" time="0.009" errors="0" timestamp="2022-11-01T14:19:21 IST" skipped="0">
  <testcase classname="testNG_program.dependsonmethod" name="logout" time="0.001"/>
  <system-out>
    <![CDATA[running logout tc]]>
  </system-out>
  <testcase classname="testNG_program.dependsonmethod" name="login" time="0.008"/>
  <system-out>
    <![CDATA[running login tc]]>
  </system-out>
</testsuite> <!-- testNG_program.dependsonmethod -->
