<?xml version="1.0" encoding="UTF-8"?>
<!-- Generated by org.testng.reporters.JUnitReportReporter -->
<testsuite hostname="hp" failures="0" tests="1" name="testNG_program.A2" time="0.001" errors="0" timestamp="2022-11-01T14:29:11 IST" skipped="0">
  <testcase classname="testNG_program.A2" name="tc6" time="0.001"/>
  <system-out>
    <![CDATA[running tc6]]>
  </system-out>
</testsuite> <!-- testNG_program.A2 -->
