<?xml version="1.0" encoding="UTF-8"?>
<!-- Generated by org.testng.reporters.JUnitReportReporter -->
<testsuite hostname="hp" failures="0" tests="5" name="testNG_program.invocation_count" time="0.019" errors="0" timestamp="2022-11-01T14:04:06 IST" skipped="0">
  <testcase classname="testNG_program.invocation_count" name="tc1" time="0.000"/>
  <system-out>
    <![CDATA[running tc1]]>
  </system-out>
  <testcase classname="testNG_program.invocation_count" name="tc1" time="0.001"/>
  <system-out>
    <![CDATA[running tc1]]>
  </system-out>
  <testcase classname="testNG_program.invocation_count" name="tc1" time="0.010"/>
  <system-out>
    <![CDATA[running tc1]]>
  </system-out>
  <testcase classname="testNG_program.invocation_count" name="tc1" time="0.001"/>
  <system-out>
    <![CDATA[running tc1]]>
  </system-out>
  <testcase classname="testNG_program.invocation_count" name="tc1" time="0.007"/>
  <system-out>
    <![CDATA[running tc1]]>
  </system-out>
</testsuite> <!-- testNG_program.invocation_count -->
