<?xml version="1.0" encoding="UTF-8"?>
<!-- Generated by org.testng.reporters.JUnitReportReporter -->
<testsuite hostname="hp" failures="0" tests="3" name="testNG_program.enabled" time="0.011" errors="0" timestamp="2022-11-01T14:13:41 IST" skipped="1">
  <testcase classname="testNG_program.enabled" name="tc3" time="0.003"/>
  <system-out>
    <![CDATA[running tc3]]>
  </system-out>
  <testcase classname="testNG_program.enabled" name="tc2" time="0.008"/>
  <system-out>
    <![CDATA[running tc2]]>
  </system-out>
  <testcase classname="testNG_program.enabled" name="tc1">
    <skipped/>
  </testcase> <!-- tc1 -->
  <system-out/>
</testsuite> <!-- testNG_program.enabled -->
