<?xml version="1.0" encoding="UTF-8"?>
<!-- Generated by org.testng.reporters.JUnitReportReporter -->
<testsuite hostname="hp" failures="0" tests="1" name="testNG_program.annotation" time="0.007" errors="0" timestamp="2022-10-30T21:26:56 IST" skipped="0">
  <testcase classname="testNG_program.annotation" name="userid" time="0.007"/>
  <system-out>
    <![CDATA[running userid test case]]>
  </system-out>
</testsuite> <!-- testNG_program.annotation -->
