<?xml version="1.0" encoding="UTF-8"?>
<!-- Generated by org.testng.reporters.JUnitReportReporter -->
<testsuite hostname="hp" failures="0" tests="1" name="asserts.assertequals" time="0.014" errors="0" timestamp="2022-11-04T14:52:06 IST" skipped="0">
  <testcase classname="asserts.assertequals" name="tc" time="0.014"/>
  <system-out/>
</testsuite> <!-- asserts.assertequals -->
