<?xml version="1.0" encoding="UTF-8"?>
<!-- Generated by org.testng.reporters.JUnitReportReporter -->
<testsuite hostname="hp" failures="0" tests="1" name="parallel_execution.parallel3" time="6.994" errors="0" timestamp="2022-11-02T16:11:56 IST" skipped="0">
  <testcase classname="parallel_execution.parallel3" name="tc" time="6.994"/>
  <system-out/>
</testsuite> <!-- parallel_execution.parallel3 -->
